2025-06-04 22:02:36 - POST: Array
(
    [rating] => 5
    [reviewer-name] => nhatnam161005@gmail.com
    [reviewer-email] => nhatnam161005@gmail.com
    [review-content] => hahaha
    [comment_bar] => true
)

2025-06-04 22:02:36 - FILES: Array
(
)

2025-06-04 22:03:06 - POST: Array
(
    [rating] => 5
    [reviewer-name] => nhatnam161005@gmail.com
    [reviewer-email] => nhatnam161005@gmail.com
    [review-content] => hahaha
    [comment_bar] => true
)

2025-06-04 22:03:06 - FILES: Array
(
)

2025-06-04 22:06:00 - POST: Array
(
    [rating] => 5
    [reviewer-name] => nhatnam161005@gmail.com
    [reviewer-email] => nhatnam161005@gmail.com
    [review-content] => hahaha
    [comment_bar] => true
)

2025-06-04 22:06:00 - FILES: Array
(
)

2025-06-04 22:06:09 - POST: Array
(
    [rating] => 5
    [reviewer-name] => nhatnam161005@gmail.com
    [reviewer-email] => nhatnam161005@gmail.com
    [review-content] => hahaha
    [comment_bar] => true
)

2025-06-04 22:06:09 - FILES: Array
(
)

2025-06-04 22:11:38 - POST: Array
(
    [rating] => 5
    [reviewer-name] => nhatnam161005@gmail.com
    [reviewer-email] => nhatnam161005@gmail.com
    [review-content] => nânnha
    [comment_bar] => true
)

2025-06-04 22:11:38 - FILES: Array
(
)

2025-06-04 22:13:02 - POST: Array
(
    [rating] => 5
    [reviewer-name] => nhatnam161005@gmail.com
    [reviewer-email] => nhatnam161005@gmail.com
    [review-content] => nânnha
    [comment_bar] => true
)

2025-06-04 22:13:02 - FILES: Array
(
)

2025-06-04 22:13:51 - POST: Array
(
    [rating] => 5
    [reviewer-name] => nhatnam161005@gmail.com
    [reviewer-email] => nhatnam161005@gmail.com
    [review-content] => hjahah
    [comment_bar] => true
)

2025-06-04 22:13:51 - FILES: Array
(
)

2025-06-04 22:15:35 - POST: Array
(
    [rating] => 5
    [reviewer-name] => nhatnam161005@gmail.com
    [reviewer-email] => nhatnam161005@gmail.com
    [review-content] => ahahah
    [comment_bar] => true
)

2025-06-04 22:15:35 - FILES: Array
(
)

2025-06-04 22:15:46 - POST: Array
(
    [rating] => 5
    [reviewer-name] => nhatnam161005@gmail.com
    [reviewer-email] => nhatnam161005@gmail.com
    [review-content] => ahahah
    [comment_bar] => true
)

2025-06-04 22:15:46 - FILES: Array
(
)

2025-06-04 22:17:23 - POST: Array
(
    [rating] => 5
    [reviewer-name] => nhatnam161005@gmail.com
    [reviewer-email] => nhatnam161005@gmail.com
    [review-content] => haha
    [comment_bar] => true
)

2025-06-04 22:17:23 - FILES: Array
(
)

2025-06-04 22:19:32 - POST: Array
(
    [rating] => 5
    [reviewer-name] => nhatnam161005@gmail.com
    [reviewer-email] => nhatnam161005@gmail.com
    [review-content] => hahah
    [comment_bar] => true
)

2025-06-04 22:19:32 - FILES: Array
(
)

2025-06-04 22:20:54 - POST: Array
(
    [rating] => 5
    [reviewer-name] => nhatnam161005@gmail.com
    [reviewer-email] => nhatnam161005@gmail.com
    [review-content] => aa
    [comment_bar] => true
)

2025-06-04 22:20:54 - FILES: Array
(
)

2025-06-04 22:23:14 - POST: Array
(
    [rating] => 5
    [reviewer-name] => nhatnam161005@gmail.com
    [reviewer-email] => nhatnam161005@gmail.com
    [review-content] => hahaha
    [comment_bar] => true
)

2025-06-04 22:23:14 - FILES: Array
(
)

2025-06-04 22:24:20 - POST: Array
(
    [rating] => 5
    [reviewer-name] => nhatnam161005@gmail.com
    [reviewer-email] => nhatnam161005@gmail.com
    [review-content] => hahah
    [comment_bar] => true
)

2025-06-04 22:24:20 - FILES: Array
(
)

2025-06-04 22:25:20 - POST: Array
(
    [rating] => 5
    [reviewer-name] => nhatnam161005@gmail.com
    [reviewer-email] => nhatnam161005@gmail.com
    [review-content] => hahaah
    [comment_bar] => true
)

2025-06-04 22:25:20 - FILES: Array
(
)

2025-06-04 22:26:24 - POST: Array
(
    [rating] => 5
    [reviewer-name] => nhatnam161005@gmail.com
    [reviewer-email] => nhatnam161005@gmail.com
    [review-content] => hâhah
    [comment_bar] => true
)

2025-06-04 22:26:24 - FILES: Array
(
)

2025-06-04 22:28:45 - POST: Array
(
    [rating] => 5
    [reviewer-name] => nhatnam161005@gmail.com
    [reviewer-email] => nhatnam161005@gmail.com
    [review-content] => hahaha
    [comment_bar] => true
)

2025-06-04 22:28:45 - FILES: Array
(
)

2025-06-04 22:57:35 - POST: Array
(
    [subcategory_code] => nha-hang
)

2025-06-04 22:57:35 - FILES: Array
(
)

2025-06-04 22:57:44 - POST: Array
(
    [category_code] => nhahang&bar
)

2025-06-04 22:57:44 - FILES: Array
(
)

2025-06-04 22:57:46 - POST: Array
(
    [cuisine_code] => sky-bar
)

2025-06-04 22:57:46 - FILES: Array
(
)

2025-06-04 23:48:01 - POST: Array
(
    [rating] => 5
    [reviewer-name] => Nguyễn Văn Quyền
    [reviewer-email] => nguyenvanquyen@gmail.com
    [review-content] => bgjhfghjf
    [comment_bar] => true
)

2025-06-04 23:48:01 - FILES: Array
(
)

2025-06-05 10:08:54 - POST: Array
(
    [category_code] => nhahang&bar
)

2025-06-05 10:08:54 - FILES: Array
(
)

2025-06-05 10:08:56 - POST: Array
(
    [cuisine_code] => sky-bar
)

2025-06-05 10:08:56 - FILES: Array
(
)

2025-06-05 10:10:15 - POST: Array
(
    [category_code] => nhahang&bar
)

2025-06-05 10:10:15 - FILES: Array
(
)

2025-06-05 10:10:16 - POST: Array
(
    [cuisine_code] => nha-hang
)

2025-06-05 10:10:16 - FILES: Array
(
)

2025-06-05 10:11:45 - POST: Array
(
    [subcategory_code] => sky-bar
)

2025-06-05 10:11:45 - FILES: Array
(
)

2025-06-05 10:14:32 - POST: Array
(
    [rating] => 5
    [reviewer-name] => nhatnam161005@gmail.com
    [reviewer-email] => hello@gmail.com
    [review-content] => ahahaha
    [comment_bar] => true
)

2025-06-05 10:14:32 - FILES: Array
(
)

2025-06-05 10:19:06 - POST: Array
(
    [rating] => 5
    [reviewer-name] => nhatnam161005@gmail.com
    [reviewer-email] => nhatnam161005@gmail.com
    [review-content] => sáaa
    [comment_bar] => true
)

2025-06-05 10:19:06 - FILES: Array
(
)

2025-06-05 10:39:24 - POST: Array
(
    [category_code] => event
)

2025-06-05 10:39:24 - FILES: Array
(
)

2025-06-05 10:39:25 - POST: Array
(
    [category_code] => nhahang&bar
)

2025-06-05 10:39:25 - FILES: Array
(
)

2025-06-05 10:39:26 - POST: Array
(
    [subcategory_code] => sky-bar
)

2025-06-05 10:39:26 - FILES: Array
(
)

2025-06-05 14:11:59 - POST: Array
(
    [category_code] => nhahang&bar
)

2025-06-05 14:11:59 - FILES: Array
(
)

2025-06-05 14:12:00 - POST: Array
(
    [cuisine_code] => nha-hang
)

2025-06-05 14:12:00 - FILES: Array
(
)

2025-06-05 14:12:08 - POST: Array
(
    [subcategory_code] => sky-bar
)

2025-06-05 14:12:08 - FILES: Array
(
)

2025-06-05 14:12:14 - POST: Array
(
    [subcategory_code] => nha-hang
)

2025-06-05 14:12:14 - FILES: Array
(
)

2025-06-05 14:12:20 - POST: Array
(
    [subcategory_code] => nha-hang
)

2025-06-05 14:12:20 - FILES: Array
(
)

2025-06-05 14:12:22 - POST: Array
(
    [subcategory_code] => nha-hang
)

2025-06-05 14:12:22 - FILES: Array
(
)

2025-06-05 14:12:27 - POST: Array
(
    [subcategory_code] => sky-bar
)

2025-06-05 14:12:27 - FILES: Array
(
)

2025-06-05 14:12:30 - POST: Array
(
    [category_code] => nhahang&bar
)

2025-06-05 14:12:30 - FILES: Array
(
)

2025-06-05 14:12:31 - POST: Array
(
    [cuisine_code] => nha-hang
)

2025-06-05 14:12:31 - FILES: Array
(
)

2025-06-05 14:15:20 - POST: Array
(
    [subcategory_code] => sky-bar
)

2025-06-05 14:15:20 - FILES: Array
(
)

2025-06-05 14:15:26 - POST: Array
(
    [subcategory_code] => nha-hang
)

2025-06-05 14:15:26 - FILES: Array
(
)

2025-06-05 14:15:51 - POST: Array
(
    [subcategory_code] => sky-bar
)

2025-06-05 14:15:51 - FILES: Array
(
)

2025-06-05 14:28:14 - POST: Array
(
    [category_code] => trangchu
)

2025-06-05 14:28:14 - FILES: Array
(
)

2025-06-05 14:28:27 - POST: Array
(
    [category_code] => danhsachphong
)

2025-06-05 14:28:27 - FILES: Array
(
)

2025-06-05 14:28:28 - POST: Array
(
    [category_code] => event
)

2025-06-05 14:28:28 - FILES: Array
(
)

2025-06-05 14:28:29 - POST: Array
(
    [category_code] => danhsachphong
)

2025-06-05 14:28:29 - FILES: Array
(
)

2025-06-05 14:28:58 - POST: Array
(
    [category_code] => event
)

2025-06-05 14:28:58 - FILES: Array
(
)

2025-06-05 14:28:59 - POST: Array
(
    [category_code] => nhahang&bar
)

2025-06-05 14:28:59 - FILES: Array
(
)

2025-06-05 14:29:01 - POST: Array
(
    [subcategory_code] => sky-bar
)

2025-06-05 14:29:01 - FILES: Array
(
)

2025-06-05 14:29:45 - POST: Array
(
    [category_code] => event
)

2025-06-05 14:29:45 - FILES: Array
(
)

2025-06-05 14:29:46 - POST: Array
(
    [category_code] => danhsachphong
)

2025-06-05 14:29:46 - FILES: Array
(
)

2025-06-05 14:30:08 - POST: Array
(
    [category_code] => nhahang&bar
)

2025-06-05 14:30:08 - FILES: Array
(
)

2025-06-05 14:30:15 - POST: Array
(
    [cuisine_code] => sky-bar
)

2025-06-05 14:30:15 - FILES: Array
(
)

2025-06-05 14:30:32 - POST: Array
(
    [category_code] => danhsachphong
)

2025-06-05 14:30:32 - FILES: Array
(
)

2025-06-05 14:30:34 - POST: Array
(
    [category_code] => danhsachphong
)

2025-06-05 14:30:34 - FILES: Array
(
)

2025-06-05 14:44:58 - POST: Array
(
    [category_code] => trangchu
)

2025-06-05 14:44:58 - FILES: Array
(
)

2025-06-05 14:46:52 - POST: Array
(
    [category_code] => event
)

2025-06-05 14:46:52 - FILES: Array
(
)

2025-06-05 14:46:53 - POST: Array
(
    [category_code] => nhahang&bar
)

2025-06-05 14:46:53 - FILES: Array
(
)

2025-06-05 14:46:54 - POST: Array
(
    [category_code] => nhahang&bar
)

2025-06-05 14:46:54 - FILES: Array
(
)

2025-06-05 14:46:55 - POST: Array
(
    [category_code] => nhahang&bar
)

2025-06-05 14:46:55 - FILES: Array
(
)

2025-06-05 14:46:56 - POST: Array
(
    [cuisine_code] => sky-bar
)

2025-06-05 14:46:56 - FILES: Array
(
)

2025-06-05 14:47:04 - POST: Array
(
    [category_code] => danhsachphong
)

2025-06-05 14:47:04 - FILES: Array
(
)

2025-06-05 14:47:14 - POST: Array
(
    [category_code] => nhahang&bar
)

2025-06-05 14:47:14 - FILES: Array
(
)

2025-06-05 14:47:16 - POST: Array
(
    [cuisine_code] => sky-bar
)

2025-06-05 14:47:16 - FILES: Array
(
)

2025-06-05 15:03:18 - POST: Array
(
    [category_code] => danhsachphong
)

2025-06-05 15:03:18 - FILES: Array
(
)

2025-06-05 15:03:20 - POST: Array
(
    [category_code] => trangchu
)

2025-06-05 15:03:20 - FILES: Array
(
)

2025-06-05 15:03:22 - POST: Array
(
    [category_code] => danhsachphong
)

2025-06-05 15:03:22 - FILES: Array
(
)

2025-06-05 15:03:25 - POST: Array
(
    [category_code] => danhsachphong
)

2025-06-05 15:03:25 - FILES: Array
(
)

2025-06-05 15:03:27 - POST: Array
(
    [category_code] => trangchu
)

2025-06-05 15:03:27 - FILES: Array
(
)

2025-06-05 15:03:34 - POST: Array
(
    [category_code] => danhsachphong
)

2025-06-05 15:03:34 - FILES: Array
(
)

2025-06-05 15:03:36 - POST: Array
(
    [category_code] => event
)

2025-06-05 15:03:36 - FILES: Array
(
)

2025-06-05 15:03:52 - POST: Array
(
    [category_code] => danhsachphong
)

2025-06-05 15:03:52 - FILES: Array
(
)

2025-06-05 15:03:53 - POST: Array
(
    [category_code] => event
)

2025-06-05 15:03:53 - FILES: Array
(
)

2025-06-05 15:03:55 - POST: Array
(
    [category_code] => nhahang&bar
)

2025-06-05 15:03:55 - FILES: Array
(
)

2025-06-05 15:03:56 - POST: Array
(
    [category_code] => dich-vu
)

2025-06-05 15:03:56 - FILES: Array
(
)

2025-06-05 15:04:02 - POST: Array
(
    [category_code] => nhahang&bar
)

2025-06-05 15:04:02 - FILES: Array
(
)

2025-06-05 15:04:06 - POST: Array
(
    [cuisine_code] => sky-bar
)

2025-06-05 15:04:06 - FILES: Array
(
)

2025-06-05 15:11:43 - POST: Array
(
    [rating] => 5
    [reviewer-name] => nhatnam161005@gmail.com
    [reviewer-email] => nhatnam161005@gmail.com
    [review-content] => aâs
    [comment_bar] => true
)

2025-06-05 15:11:43 - FILES: Array
(
)

2025-06-05 15:11:52 - POST: Array
(
    [rating] => 5
    [reviewer-name] => sa
    [reviewer-email] => nhatnam161005@gmail.com
    [review-content] => ấ
    [comment_bar] => true
)

2025-06-05 15:11:52 - FILES: Array
(
)

2025-06-05 15:12:02 - POST: Array
(
    [rating] => 5
    [reviewer-name] => sa
    [reviewer-email] => nhatnam161005@gmail.com
    [review-content] => âs
    [comment_bar] => true
)

2025-06-05 15:12:02 - FILES: Array
(
)

2025-06-05 15:12:17 - POST: Array
(
    [rating] => 5
    [reviewer-name] => nhatnam161005@gmail.com
    [reviewer-email] => nhatnam161005@gmail.com
    [review-content] => âs
    [comment_bar] => true
)

2025-06-05 15:12:17 - FILES: Array
(
)

2025-06-05 15:57:13 - POST: Array
(
    [category_code] => nhahang&bar
)

2025-06-05 15:57:13 - FILES: Array
(
)

2025-06-05 15:57:15 - POST: Array
(
    [subcategory_code] => nha-hang
)

2025-06-05 15:57:15 - FILES: Array
(
)

2025-06-05 15:57:19 - POST: Array
(
    [subcategory_code] => sky-bar
)

2025-06-05 15:57:19 - FILES: Array
(
)

2025-06-05 16:13:55 - POST: Array
(
    [customerName] => Huynh Nhat Nam
    [phoneNumber] => 0777 566 324
    [email] => nhatnam161005@gmail.com
    [bookingDate] => 2025-06-06
    [startTime] => 19:13
    [guestCount] => 4
    [diningArea] => Sky Bar
    [occasion] => 
    [specialRequests] => 
    [submit_booking_restaurant] => true
)

2025-06-05 16:13:55 - FILES: Array
(
)

2025-06-05 16:19:35 - POST: Array
(
    [category_code] => sale
)

2025-06-05 16:19:35 - FILES: Array
(
)

2025-06-05 16:27:52 - POST: Array
(
    [category_code] => sale
)

2025-06-05 16:27:52 - FILES: Array
(
)

2025-06-05 16:32:45 - POST: Array
(
    [category_code] => nhahang&bar
)

2025-06-05 16:32:45 - FILES: Array
(
)

2025-06-05 16:32:46 - POST: Array
(
    [category_code] => sale
)

2025-06-05 16:32:46 - FILES: Array
(
)

2025-06-05 16:33:15 - POST: Array
(
    [category_code] => khuyen-mai
)

2025-06-05 16:33:15 - FILES: Array
(
)

2025-06-05 16:34:56 - POST: Array
(
    [category_code] => event
)

2025-06-05 16:34:56 - FILES: Array
(
)

2025-06-05 16:34:57 - POST: Array
(
    [category_code] => nhahang&bar
)

2025-06-05 16:34:57 - FILES: Array
(
)

2025-06-05 16:34:58 - POST: Array
(
    [category_code] => dich-vu
)

2025-06-05 16:34:58 - FILES: Array
(
)

2025-06-05 16:34:58 - POST: Array
(
    [category_code] => khuyen-mai
)

2025-06-05 16:34:58 - FILES: Array
(
)

2025-06-05 20:17:22 - POST: Array
(
    [id_uudai] => 2
)

2025-06-05 20:17:22 - FILES: Array
(
)

2025-06-05 20:18:29 - POST: Array
(
    [id_uudai] => 1
)

2025-06-05 20:18:29 - FILES: Array
(
)

2025-06-05 20:18:31 - POST: Array
(
    [id_uudai] => 2
)

2025-06-05 20:18:31 - FILES: Array
(
)

2025-06-05 21:01:41 - POST: Array
(
    [id_uudai] => 1
)

2025-06-05 21:01:41 - FILES: Array
(
)

2025-06-05 21:02:48 - POST: Array
(
    [id_uudai] => 1
)

2025-06-05 21:02:48 - FILES: Array
(
)

2025-06-05 21:02:54 - POST: Array
(
    [id_uudai] => 1
)

2025-06-05 21:02:54 - FILES: Array
(
)

2025-06-05 21:03:11 - POST: Array
(
    [id_uudai] => 1
)

2025-06-05 21:03:11 - FILES: Array
(
)

2025-06-05 21:05:18 - POST: Array
(
    [id_uudai] => 2
)

2025-06-05 21:05:18 - FILES: Array
(
)

2025-06-05 21:09:29 - POST: Array
(
    [category_code] => dich-vu
)

2025-06-05 21:09:29 - FILES: Array
(
)

2025-06-05 21:09:30 - POST: Array
(
    [category_code] => nhahang&bar
)

2025-06-05 21:09:30 - FILES: Array
(
)

2025-06-05 21:09:33 - POST: Array
(
    [category_code] => khuyen-mai
)

2025-06-05 21:09:33 - FILES: Array
(
)

2025-06-05 21:09:35 - POST: Array
(
    [id_uudai] => 1
)

2025-06-05 21:09:35 - FILES: Array
(
)

2025-06-05 21:10:00 - POST: Array
(
    [category_code] => nhahang&bar
)

2025-06-05 21:10:00 - FILES: Array
(
)

2025-06-05 21:10:02 - POST: Array
(
    [category_code] => khuyen-mai
)

2025-06-05 21:10:02 - FILES: Array
(
)

2025-06-05 21:10:03 - POST: Array
(
    [id_uudai] => 1
)

2025-06-05 21:10:03 - FILES: Array
(
)

2025-06-05 21:10:08 - POST: Array
(
    [category_code] => dich-vu
)

2025-06-05 21:10:08 - FILES: Array
(
)

2025-06-05 21:10:09 - POST: Array
(
    [category_code] => khuyen-mai
)

2025-06-05 21:10:09 - FILES: Array
(
)

2025-06-05 21:10:10 - POST: Array
(
    [id_uudai] => 1
)

2025-06-05 21:10:10 - FILES: Array
(
)

2025-06-05 21:10:31 - POST: Array
(
    [category_code] => nhahang&bar
)

2025-06-05 21:10:31 - FILES: Array
(
)

2025-06-05 21:10:32 - POST: Array
(
    [category_code] => khuyen-mai
)

2025-06-05 21:10:32 - FILES: Array
(
)

2025-06-05 21:10:34 - POST: Array
(
    [id_uudai] => 2
)

2025-06-05 21:10:34 - FILES: Array
(
)

2025-06-05 21:16:12 - POST: Array
(
    [category_code] => nhahang&bar
)

2025-06-05 21:16:12 - FILES: Array
(
)

2025-06-05 21:16:13 - POST: Array
(
    [category_code] => khuyen-mai
)

2025-06-05 21:16:13 - FILES: Array
(
)

2025-06-05 21:16:14 - POST: Array
(
    [id_uudai] => 1
)

2025-06-05 21:16:14 - FILES: Array
(
)

2025-06-05 21:17:52 - POST: Array
(
    [category_code] => dich-vu
)

2025-06-05 21:17:52 - FILES: Array
(
)

2025-06-05 21:17:53 - POST: Array
(
    [category_code] => khuyen-mai
)

2025-06-05 21:17:53 - FILES: Array
(
)

2025-06-05 21:17:55 - POST: Array
(
    [id_uudai] => 1
)

2025-06-05 21:17:55 - FILES: Array
(
)

2025-06-05 21:26:55 - POST: Array
(
    [category_code] => dich-vu
)

2025-06-05 21:26:55 - FILES: Array
(
)

2025-06-05 21:26:56 - POST: Array
(
    [category_code] => khuyen-mai
)

2025-06-05 21:26:56 - FILES: Array
(
)

2025-06-05 21:27:01 - POST: Array
(
    [id_uudai] => 1
)

2025-06-05 21:27:01 - FILES: Array
(
)

2025-06-05 21:37:17 - POST: Array
(
    [category_code] => nhahang&bar
)

2025-06-05 21:37:17 - FILES: Array
(
)

2025-06-05 21:37:18 - POST: Array
(
    [category_code] => khuyen-mai
)

2025-06-05 21:37:18 - FILES: Array
(
)

2025-06-05 21:37:20 - POST: Array
(
    [id_uudai] => 2
)

2025-06-05 21:37:20 - FILES: Array
(
)

2025-06-05 22:01:40 - POST: Array
(
    [category_code] => khuyen-mai
)

2025-06-05 22:01:40 - FILES: Array
(
)

2025-06-05 22:01:43 - POST: Array
(
    [id_uudai] => 4
)

2025-06-05 22:01:43 - FILES: Array
(
)

2025-06-05 22:02:13 - POST: Array
(
    [category_code] => khuyen-mai
)

2025-06-05 22:02:13 - FILES: Array
(
)

2025-06-05 22:02:14 - POST: Array
(
    [id_uudai] => 1
)

2025-06-05 22:02:14 - FILES: Array
(
)

2025-06-05 22:04:42 - POST: Array
(
    [category_code] => khuyen-mai
)

2025-06-05 22:04:42 - FILES: Array
(
)

2025-06-05 22:04:44 - POST: Array
(
    [id_uudai] => 3
)

2025-06-05 22:04:44 - FILES: Array
(
)

2025-06-05 22:05:05 - POST: Array
(
    [category_code] => trangchu
)

2025-06-05 22:05:05 - FILES: Array
(
)

2025-06-05 22:05:07 - POST: Array
(
    [category_code] => danhsachphong
)

2025-06-05 22:05:07 - FILES: Array
(
)

2025-06-05 22:05:08 - POST: Array
(
    [category_code] => event
)

2025-06-05 22:05:08 - FILES: Array
(
)

2025-06-05 22:05:09 - POST: Array
(
    [category_code] => trangchu
)

2025-06-05 22:05:09 - FILES: Array
(
)

2025-06-05 22:05:10 - POST: Array
(
    [category_code] => nhahang&bar
)

2025-06-05 22:05:10 - FILES: Array
(
)

2025-06-05 22:05:12 - POST: Array
(
    [category_code] => dich-vu
)

2025-06-05 22:05:12 - FILES: Array
(
)

2025-06-05 22:05:13 - POST: Array
(
    [category_code] => khuyen-mai
)

2025-06-05 22:05:13 - FILES: Array
(
)

2025-06-05 22:05:17 - POST: Array
(
    [category_code] => gallery
)

2025-06-05 22:05:17 - FILES: Array
(
)

2025-06-05 22:07:59 - POST: Array
(
    [category_code] => danhsachphong
)

2025-06-05 22:07:59 - FILES: Array
(
)

2025-06-05 22:08:00 - POST: Array
(
    [category_code] => event
)

2025-06-05 22:08:00 - FILES: Array
(
)

2025-06-05 22:08:01 - POST: Array
(
    [category_code] => dich-vu
)

2025-06-05 22:08:01 - FILES: Array
(
)

2025-06-05 22:08:02 - POST: Array
(
    [category_code] => khuyen-mai
)

2025-06-05 22:08:02 - FILES: Array
(
)

2025-06-05 22:08:08 - POST: Array
(
    [id_uudai] => 4
)

2025-06-05 22:08:08 - FILES: Array
(
)

2025-06-05 22:08:25 - POST: Array
(
    [category_code] => trangchu
)

2025-06-05 22:08:25 - FILES: Array
(
)

2025-06-05 22:09:17 - POST: Array
(
    [category_code] => khuyen-mai
)

2025-06-05 22:09:17 - FILES: Array
(
)

2025-06-05 22:09:22 - POST: Array
(
    [category_code] => trangchu
)

2025-06-05 22:09:22 - FILES: Array
(
)

2025-06-05 22:26:36 - POST: Array
(
    [category_code] => danhsachphong
)

2025-06-05 22:26:36 - FILES: Array
(
)

2025-06-05 22:36:58 - POST: Array
(
    [footer_category_code] => gioi-thieu
)

2025-06-05 22:36:58 - FILES: Array
(
)

2025-06-05 22:37:10 - POST: Array
(
    [footer_category_code] => tin-tuc
)

2025-06-05 22:37:10 - FILES: Array
(
)

2025-06-05 22:40:55 - POST: Array
(
    [footer_category_code] => tin-tuc
)

2025-06-05 22:40:55 - FILES: Array
(
)

2025-06-05 22:44:38 - POST: Array
(
    [category_code] => trangchu
)

2025-06-05 22:44:38 - FILES: Array
(
)

2025-06-05 22:47:32 - POST: Array
(
    [footer_category_code] => tin-tuc
)

2025-06-05 22:47:32 - FILES: Array
(
)

2025-06-05 22:51:11 - POST: Array
(
    [category_code] => event
)

2025-06-05 22:51:11 - FILES: Array
(
)

2025-06-05 22:51:13 - POST: Array
(
    [footer_category_code] => tin-tuc
)

2025-06-05 22:51:13 - FILES: Array
(
)

2025-06-05 22:51:54 - POST: Array
(
    [footer_category_code] => tin-tuc
)

2025-06-05 22:51:54 - FILES: Array
(
)

2025-06-05 22:52:14 - POST: Array
(
    [footer_category_code] => tin-tuc
)

2025-06-05 22:52:14 - FILES: Array
(
)

2025-06-05 22:57:00 - POST: Array
(
    [category_code] => khuyen-mai
)

2025-06-05 22:57:00 - FILES: Array
(
)

2025-06-05 22:57:41 - POST: Array
(
    [footer_category_code] => tin-tuc
)

2025-06-05 22:57:41 - FILES: Array
(
)

2025-06-05 23:01:49 - POST: Array
(
    [id_tintuc] => 1
)

2025-06-05 23:01:49 - FILES: Array
(
)

2025-06-05 23:02:00 - POST: Array
(
    [id_tintuc] => 3
)

2025-06-05 23:02:00 - FILES: Array
(
)

2025-06-05 23:02:34 - POST: Array
(
    [category_code] => khuyen-mai
)

2025-06-05 23:02:34 - FILES: Array
(
)

2025-06-05 23:02:37 - POST: Array
(
    [id_uudai] => 1
)

2025-06-05 23:02:37 - FILES: Array
(
)

2025-06-05 23:04:04 - POST: Array
(
    [category_code] => khuyen-mai
)

2025-06-05 23:04:04 - FILES: Array
(
)

2025-06-05 23:04:07 - POST: Array
(
    [footer_category_code] => tin-tuc
)

2025-06-05 23:04:07 - FILES: Array
(
)

2025-06-05 23:04:10 - POST: Array
(
    [id_tintuc] => 1
)

2025-06-05 23:04:10 - FILES: Array
(
)

2025-06-05 23:04:35 - POST: Array
(
    [footer_category_code] => tin-tuc
)

2025-06-05 23:04:35 - FILES: Array
(
)

2025-06-05 23:11:20 - POST: Array
(
    [id_tintuc] => 1
)

2025-06-05 23:11:20 - FILES: Array
(
)

2025-06-05 23:12:56 - POST: Array
(
    [id_tintuc] => 1
)

2025-06-05 23:12:56 - FILES: Array
(
)

2025-06-05 23:12:59 - POST: Array
(
    [id_tintuc] => 2
)

2025-06-05 23:12:59 - FILES: Array
(
)

2025-06-05 23:14:44 - POST: Array
(
    [category_code] => nhahang&bar
)

2025-06-05 23:14:44 - FILES: Array
(
)

2025-06-05 23:14:45 - POST: Array
(
    [category_code] => khuyen-mai
)

2025-06-05 23:14:45 - FILES: Array
(
)

2025-06-05 23:14:48 - POST: Array
(
    [footer_category_code] => tin-tuc
)

2025-06-05 23:14:48 - FILES: Array
(
)

2025-06-05 23:14:50 - POST: Array
(
    [id_tintuc] => 2
)

2025-06-05 23:14:50 - FILES: Array
(
)

2025-06-05 23:15:41 - POST: Array
(
    [footer_category_code] => tin-tuc
)

2025-06-05 23:15:41 - FILES: Array
(
)

2025-06-05 23:15:59 - POST: Array
(
    [category_code] => sale
)

2025-06-05 23:15:59 - FILES: Array
(
)

2025-06-05 23:16:18 - POST: Array
(
    [footer_category_code] => tin-tuc
)

2025-06-05 23:16:18 - FILES: Array
(
)

2025-06-05 23:17:04 - POST: Array
(
    [category_code] => khuyen-mai
)

2025-06-05 23:17:04 - FILES: Array
(
)

2025-06-05 23:17:21 - POST: Array
(
    [id_tintuc] => 3
)

2025-06-05 23:17:21 - FILES: Array
(
)

2025-06-06 09:07:23 - POST: Array
(
    [footer_category_code] => tin-tuc
)

2025-06-06 09:07:23 - FILES: Array
(
)

2025-06-06 09:07:25 - POST: Array
(
    [id_tintuc] => 2
)

2025-06-06 09:07:25 - FILES: Array
(
)

2025-06-06 09:10:15 - POST: Array
(
    [category_code] => trangchu
)

2025-06-06 09:10:15 - FILES: Array
(
)

2025-06-06 09:10:16 - POST: Array
(
    [category_code] => danhsachphong
)

2025-06-06 09:10:16 - FILES: Array
(
)

2025-06-06 09:10:17 - POST: Array
(
    [subcategory_code] => phong-don
)

2025-06-06 09:10:17 - FILES: Array
(
)

2025-06-06 09:10:18 - POST: Array
(
    [category_code] => event
)

2025-06-06 09:10:18 - FILES: Array
(
)

2025-06-06 09:10:22 - POST: Array
(
    [subcategory_code] => tiec-cuoi
)

2025-06-06 09:10:22 - FILES: Array
(
)

2025-06-06 09:10:25 - POST: Array
(
    [category_code] => nhahang&bar
)

2025-06-06 09:10:25 - FILES: Array
(
)

2025-06-06 09:10:28 - POST: Array
(
    [cuisine_code] => nha-hang
)

2025-06-06 09:10:28 - FILES: Array
(
)

2025-06-06 09:10:30 - POST: Array
(
    [cuisine_code] => sky-bar
)

2025-06-06 09:10:30 - FILES: Array
(
)

2025-06-06 09:10:37 - POST: Array
(
    [subcategory_code] => sky-bar
)

2025-06-06 09:10:37 - FILES: Array
(
)

2025-06-06 09:12:22 - POST: Array
(
    [category_code] => dich-vu
)

2025-06-06 09:12:22 - FILES: Array
(
)

2025-06-06 09:12:23 - POST: Array
(
    [category_code] => khuyen-mai
)

2025-06-06 09:12:23 - FILES: Array
(
)

2025-06-06 09:12:25 - POST: Array
(
    [id_uudai] => 4
)

2025-06-06 09:12:25 - FILES: Array
(
)

2025-06-06 09:12:29 - POST: Array
(
    [footer_category_code] => tin-tuc
)

2025-06-06 09:12:29 - FILES: Array
(
)

2025-06-06 09:12:31 - POST: Array
(
    [id_tintuc] => 1
)

2025-06-06 09:12:31 - FILES: Array
(
)

2025-06-06 09:12:43 - POST: Array
(
    [footer_category_code] => lien-he
)

2025-06-06 09:12:43 - FILES: Array
(
)

2025-06-06 09:12:52 - POST: Array
(
    [footer_category_code] => gioi-thieu
)

2025-06-06 09:12:52 - FILES: Array
(
)

2025-06-06 09:13:35 - POST: Array
(
    [footer_category_code] => lien-he
)

2025-06-06 09:13:35 - FILES: Array
(
)

2025-06-06 09:13:57 - POST: Array
(
    [category_code] => khuyen-mai
)

2025-06-06 09:13:57 - FILES: Array
(
)

2025-06-06 09:13:58 - POST: Array
(
    [category_code] => event
)

2025-06-06 09:13:58 - FILES: Array
(
)

2025-06-06 09:14:01 - POST: Array
(
    [category_code] => trangchu
)

2025-06-06 09:14:01 - FILES: Array
(
)

2025-06-06 09:16:01 - POST: Array
(
    [category_code] => trangchu
)

2025-06-06 09:16:01 - FILES: Array
(
)

2025-06-06 09:21:24 - POST: Array
(
    [id_tintuc] => 3
)

2025-06-06 09:21:24 - FILES: Array
(
)

2025-06-06 09:22:31 - POST: Array
(
    [id_tintuc] => 3
)

2025-06-06 09:22:31 - FILES: Array
(
)

2025-06-06 09:23:34 - POST: Array
(
    [id_tintuc] => 3
)

2025-06-06 09:23:34 - FILES: Array
(
)

2025-06-06 09:28:07 - POST: Array
(
    [xem_them_tin] => 
)

2025-06-06 09:28:07 - FILES: Array
(
)

2025-06-06 09:29:28 - POST: Array
(
    [xem_them_tin] => tin-tuc
)

2025-06-06 09:29:28 - FILES: Array
(
)

2025-06-06 09:29:31 - POST: Array
(
    [category_code] => trangchu
)

2025-06-06 09:29:31 - FILES: Array
(
)

2025-06-06 09:29:55 - POST: Array
(
    [category_code] => event
)

2025-06-06 09:29:55 - FILES: Array
(
)

2025-06-06 09:42:14 - POST: Array
(
    [category_code] => event
)

2025-06-06 09:42:14 - FILES: Array
(
)

2025-06-06 09:48:43 - POST: Array
(
    [id_sukiendatochuc] => 1
)

2025-06-06 09:48:43 - FILES: Array
(
)

2025-06-06 09:53:53 - POST: Array
(
    [category_code] => nhahang&bar
)

2025-06-06 09:53:53 - FILES: Array
(
)

2025-06-06 09:53:53 - POST: Array
(
    [category_code] => khuyen-mai
)

2025-06-06 09:53:53 - FILES: Array
(
)

2025-06-06 09:53:56 - POST: Array
(
    [footer_category_code] => tin-tuc
)

2025-06-06 09:53:56 - FILES: Array
(
)

2025-06-06 09:54:00 - POST: Array
(
    [category_code] => event
)

2025-06-06 09:54:00 - FILES: Array
(
)

2025-06-06 09:54:03 - POST: Array
(
    [id_sukiendatochuc] => 2
)

2025-06-06 09:54:03 - FILES: Array
(
)

2025-06-06 10:02:56 - POST: Array
(
    [id_sukiendatochuc] => 1
)

2025-06-06 10:02:56 - FILES: Array
(
)

2025-06-06 10:08:30 - POST: Array
(
    [category_code] => khuyen-mai
)

2025-06-06 10:08:30 - FILES: Array
(
)

2025-06-06 10:08:40 - POST: Array
(
    [footer_category_code] => gioi-thieu
)

2025-06-06 10:08:40 - FILES: Array
(
)

2025-06-06 10:08:47 - POST: Array
(
    [category_code] => gallery
)

2025-06-06 10:08:47 - FILES: Array
(
)

2025-06-06 10:12:40 - POST: Array
(
    [category_code] => event
)

2025-06-06 10:12:40 - FILES: Array
(
)

2025-06-06 10:12:43 - POST: Array
(
    [sukiendatochuc] => 1
)

2025-06-06 10:12:43 - FILES: Array
(
)

2025-06-06 10:13:49 - POST: Array
(
    [sukiendatochuc] => 1
)

2025-06-06 10:13:49 - FILES: Array
(
)

2025-06-06 10:14:26 - POST: Array
(
    [id_sukiendatochuc] => 2
)

2025-06-06 10:14:26 - FILES: Array
(
)

2025-06-06 10:19:39 - POST: Array
(
    [sukiendatochuc] => 1
)

2025-06-06 10:19:39 - FILES: Array
(
)

2025-06-06 10:19:41 - POST: Array
(
    [id_sukiendatochuc] => 1
)

2025-06-06 10:19:41 - FILES: Array
(
)

2025-06-06 10:23:12 - POST: Array
(
    [id_sukiendatochuc] => 1
)

2025-06-06 10:23:12 - FILES: Array
(
)

2025-06-06 10:23:22 - POST: Array
(
    [id_sukiendatochuc] => 1
)

2025-06-06 10:23:22 - FILES: Array
(
)

2025-06-06 10:25:12 - POST: Array
(
    [category_code] => nhahang&bar
)

2025-06-06 10:25:12 - FILES: Array
(
)

2025-06-06 10:25:12 - POST: Array
(
    [category_code] => khuyen-mai
)

2025-06-06 10:25:12 - FILES: Array
(
)

2025-06-06 10:25:15 - POST: Array
(
    [category_code] => event
)

2025-06-06 10:25:15 - FILES: Array
(
)

2025-06-06 10:25:16 - POST: Array
(
    [sukiendatochuc] => 1
)

2025-06-06 10:25:16 - FILES: Array
(
)

2025-06-06 10:25:18 - POST: Array
(
    [id_sukiendatochuc] => 2
)

2025-06-06 10:25:18 - FILES: Array
(
)

2025-06-06 10:29:30 - POST: Array
(
    [category_code] => event
)

2025-06-06 10:29:30 - FILES: Array
(
)

2025-06-06 10:41:28 - POST: Array
(
    [sukiendatochuc] => 2
)

2025-06-06 10:41:28 - FILES: Array
(
)

2025-06-06 10:41:30 - POST: Array
(
    [id_sukiendatochuc] => 2
)

2025-06-06 10:41:30 - FILES: Array
(
)

2025-06-06 10:42:33 - POST: Array
(
    [id_sukiendatochuc] => 1
)

2025-06-06 10:42:33 - FILES: Array
(
)

2025-06-06 10:44:01 - POST: Array
(
    [id_sukiendatochuc] => 1
)

2025-06-06 10:44:01 - FILES: Array
(
)

2025-06-06 10:44:07 - POST: Array
(
    [category_code] => trangchu
)

2025-06-06 10:44:07 - FILES: Array
(
)

2025-06-06 10:44:18 - POST: Array
(
    [xem_them_tin] => tin-tuc
)

2025-06-06 10:44:18 - FILES: Array
(
)

2025-06-06 10:53:35 - POST: Array
(
    [category_code] => event
)

2025-06-06 10:53:35 - FILES: Array
(
)

2025-06-06 10:53:43 - POST: Array
(
    [event_code] => tiec-cuoi
)

2025-06-06 10:53:43 - FILES: Array
(
)

2025-06-06 10:53:44 - POST: Array
(
    [category_code] => dich-vu
)

2025-06-06 10:53:44 - FILES: Array
(
)

2025-06-06 10:53:46 - POST: Array
(
    [category_code] => nhahang&bar
)

2025-06-06 10:53:46 - FILES: Array
(
)

2025-06-06 10:53:48 - POST: Array
(
    [category_code] => khuyen-mai
)

2025-06-06 10:53:48 - FILES: Array
(
)

2025-06-06 10:55:25 - POST: Array
(
    [category_code] => trangchu
)

2025-06-06 10:55:25 - FILES: Array
(
)

2025-06-06 11:11:24 - POST: Array
(
    [id_tintuc] => 1
)

2025-06-06 11:11:24 - FILES: Array
(
)

2025-06-06 11:11:42 - POST: Array
(
    [id_tintuc] => 3
)

2025-06-06 11:11:42 - FILES: Array
(
)

2025-06-06 11:11:48 - POST: Array
(
    [id_tintuc] => 2
)

2025-06-06 11:11:48 - FILES: Array
(
)

2025-06-06 11:22:28 - POST: Array
(
    [id_tintuc] => 3
)

2025-06-06 11:22:28 - FILES: Array
(
)

2025-06-06 11:25:11 - POST: Array
(
    [xem_them_tin] => tin-tuc
)

2025-06-06 11:25:11 - FILES: Array
(
)

2025-06-06 14:26:04 - POST: Array
(
    [id_tintuc] => 1
)

2025-06-06 14:26:04 - FILES: Array
(
)

2025-06-06 14:26:22 - POST: Array
(
    [category_code] => dich-vu
)

2025-06-06 14:26:22 - FILES: Array
(
)

2025-06-06 14:26:23 - POST: Array
(
    [category_code] => event
)

2025-06-06 14:26:23 - FILES: Array
(
)

2025-06-06 14:26:25 - POST: Array
(
    [sukiendatochuc] => 2
)

2025-06-06 14:26:25 - FILES: Array
(
)

2025-06-06 14:26:44 - POST: Array
(
    [id_sukiendatochuc] => 3
)

2025-06-06 14:26:44 - FILES: Array
(
)

2025-06-06 14:28:56 - POST: Array
(
    [category_code] => gallery
)

2025-06-06 14:28:56 - FILES: Array
(
)

